2015-06-09 11:38:09.319 Crownstone[3119:121846] DiskCookieStorage changing policy from 2 to 0, cookie file: file:///Users/rubendeman/Library/Developer/CoreSimulator/Devices/35148872-2E21-4E31-9725-B22E219D5804/data/Containers/Data/Application/6B9AB21B-1C6F-479E-8AC9-F7CC3A0145DA/Library/Cookies/Cookies.binarycookies
2015-06-09 11:38:09.477 Crownstone[3119:121846] Apache Cordova native platform version 3.8.0 is starting.
2015-06-09 11:38:09.477 Crownstone[3119:121846] Multi-tasking -> Device: YES, App: YES
2015-06-09 11:38:09.480 Crownstone[3119:121846] Unlimited access to network resources
2015-06-09 11:38:09.485 Crownstone[3119:121846] 

Started backup to iCloud! Please be careful.
Your application might be rejected by Apple if you store too much data.
For more information please read "iOS Data Storage Guidelines" at:
https://developer.apple.com/icloud/documentation/data-storage/
To disable web storage backup to iCloud, set the BackupWebStorage preference to "local" in the Cordova config.xml file

2015-06-09 11:38:10.028 Crownstone[3119:121846] Resetting plugins due to page load.
2015-06-09 11:38:10.193 Crownstone[3119:121846] Finished load of: file:///Users/rubendeman/Library/Developer/CoreSimulator/Devices/35148872-2E21-4E31-9725-B22E219D5804/data/Containers/Bundle/Application/2580ACE4-FF3B-4E5F-B1CD-61993EE03B70/Crownstone.app/www/index.html
2015-06-09 11:38:10.217 Crownstone[3119:121846] CDVPlugin class CDVDevice (pluginName: Device) does not exist.
2015-06-09 11:38:10.217 Crownstone[3119:121846] ERROR: Plugin 'Device' not found, or is not a CDVPlugin. Check your plugin mapping in config.xml.
2015-06-09 11:38:10.217 Crownstone[3119:121846] -[CDVCommandQueue executePending] [Line 159] FAILED pluginJSON = ["Device976304093","Device","getDeviceInfo",[]]
2015-06-09 11:38:12.160 Crownstone[3119:121846] Resetting plugins due to page load.
2015-06-09 11:38:12.189 Crownstone[3119:121846] Finished load of: file:///Users/rubendeman/Library/Developer/CoreSimulator/Devices/35148872-2E21-4E31-9725-B22E219D5804/data/Containers/Bundle/Application/2580ACE4-FF3B-4E5F-B1CD-61993EE03B70/Crownstone.app/www/login.html
2015-06-09 11:38:12.213 Crownstone[3119:121846] CDVPlugin class CDVDevice (pluginName: Device) does not exist.
2015-06-09 11:38:12.213 Crownstone[3119:121846] ERROR: Plugin 'Device' not found, or is not a CDVPlugin. Check your plugin mapping in config.xml.
2015-06-09 11:38:12.213 Crownstone[3119:121846] -[CDVCommandQueue executePending] [Line 159] FAILED pluginJSON = ["Device524310823","Device","getDeviceInfo",[]]
2015-06-09 11:38:14.231 Crownstone[3119:121846] Resetting plugins due to page load.
2015-06-09 11:38:14.245 Crownstone[3119:121846] Finished load of: file:///Users/rubendeman/Library/Developer/CoreSimulator/Devices/35148872-2E21-4E31-9725-B22E219D5804/data/Containers/Bundle/Application/2580ACE4-FF3B-4E5F-B1CD-61993EE03B70/Crownstone.app/www/login.html
2015-06-09 11:38:14.255 Crownstone[3119:121846] CDVPlugin class CDVDevice (pluginName: Device) does not exist.
2015-06-09 11:38:14.255 Crownstone[3119:121846] ERROR: Plugin 'Device' not found, or is not a CDVPlugin. Check your plugin mapping in config.xml.
2015-06-09 11:38:14.255 Crownstone[3119:121846] -[CDVCommandQueue executePending] [Line 159] FAILED pluginJSON = ["Device660900977","Device","getDeviceInfo",[]]
2015-06-09 11:38:16.804 Crownstone[3119:121846] Resetting plugins due to page load.
2015-06-09 11:38:16.815 Crownstone[3119:121846] Finished load of: file:///Users/rubendeman/Library/Developer/CoreSimulator/Devices/35148872-2E21-4E31-9725-B22E219D5804/data/Containers/Bundle/Application/2580ACE4-FF3B-4E5F-B1CD-61993EE03B70/Crownstone.app/www/login.html
2015-06-09 11:38:16.826 Crownstone[3119:121846] CDVPlugin class CDVDevice (pluginName: Device) does not exist.
2015-06-09 11:38:16.826 Crownstone[3119:121846] ERROR: Plugin 'Device' not found, or is not a CDVPlugin. Check your plugin mapping in config.xml.
2015-06-09 11:38:16.827 Crownstone[3119:121846] -[CDVCommandQueue executePending] [Line 159] FAILED pluginJSON = ["Device1756782320","Device","getDeviceInfo",[]]
2015-06-09 11:38:36.602 Crownstone[3119:121846] Resetting plugins due to page load.
2015-06-09 11:38:36.617 Crownstone[3119:121846] Finished load of: file:///Users/rubendeman/Library/Developer/CoreSimulator/Devices/35148872-2E21-4E31-9725-B22E219D5804/data/Containers/Bundle/Application/2580ACE4-FF3B-4E5F-B1CD-61993EE03B70/Crownstone.app/www/login.html
2015-06-09 11:38:36.627 Crownstone[3119:121846] CDVPlugin class CDVDevice (pluginName: Device) does not exist.
2015-06-09 11:38:36.627 Crownstone[3119:121846] ERROR: Plugin 'Device' not found, or is not a CDVPlugin. Check your plugin mapping in config.xml.
2015-06-09 11:38:36.627 Crownstone[3119:121846] -[CDVCommandQueue executePending] [Line 159] FAILED pluginJSON = ["Device1869577845","Device","getDeviceInfo",[]]
2015-06-09 11:38:39.147 Crownstone[3119:121846] Resetting plugins due to page load.
2015-06-09 11:38:39.264 Crownstone[3119:121846] Finished load of: file:///Users/rubendeman/Library/Developer/CoreSimulator/Devices/35148872-2E21-4E31-9725-B22E219D5804/data/Containers/Bundle/Application/2580ACE4-FF3B-4E5F-B1CD-61993EE03B70/Crownstone.app/www/home.html
2015-06-09 11:39:32.997 Crownstone[3119:122973] Communications error: <OS_xpc_error: <error: 0x2da25f4> { count = 1, contents =
	"XPCErrorDescription" => <string: 0x2da283c> { length = 22, contents = "Connection interrupted" }
}>
2015-06-09 11:42:00.321 Crownstone[3551:125519] DiskCookieStorage changing policy from 2 to 0, cookie file: file:///Users/rubendeman/Library/Developer/CoreSimulator/Devices/35148872-2E21-4E31-9725-B22E219D5804/data/Containers/Data/Application/98B56F5D-F2A3-425E-8ACE-A1A05FF2C5C4/Library/Cookies/Cookies.binarycookies
2015-06-09 11:42:00.798 Crownstone[3551:125519] Apache Cordova native platform version 3.8.0 is starting.
2015-06-09 11:42:00.799 Crownstone[3551:125519] Multi-tasking -> Device: YES, App: YES
2015-06-09 11:42:00.818 Crownstone[3551:125519] Unlimited access to network resources
2015-06-09 11:42:00.834 Crownstone[3551:125519] 

Started backup to iCloud! Please be careful.
Your application might be rejected by Apple if you store too much data.
For more information please read "iOS Data Storage Guidelines" at:
https://developer.apple.com/icloud/documentation/data-storage/
To disable web storage backup to iCloud, set the BackupWebStorage preference to "local" in the Cordova config.xml file

2015-06-09 11:42:01.825 Crownstone[3551:125519] Resetting plugins due to page load.
2015-06-09 11:42:02.087 Crownstone[3551:125519] Finished load of: file:///Users/rubendeman/Library/Developer/CoreSimulator/Devices/35148872-2E21-4E31-9725-B22E219D5804/data/Containers/Bundle/Application/55EF388D-3AF1-4471-B8DE-7094A1315D9E/Crownstone.app/www/index.html
2015-06-09 11:42:02.235 Crownstone[3551:125519] CDVPlugin class CDVDevice (pluginName: Device) does not exist.
2015-06-09 11:42:02.236 Crownstone[3551:125519] ERROR: Plugin 'Device' not found, or is not a CDVPlugin. Check your plugin mapping in config.xml.
2015-06-09 11:42:02.236 Crownstone[3551:125519] -[CDVCommandQueue executePending] [Line 159] FAILED pluginJSON = ["Device1806063627","Device","getDeviceInfo",[]]
2015-06-09 11:42:03.946 Crownstone[3551:125519] Resetting plugins due to page load.
2015-06-09 11:42:03.996 Crownstone[3551:125519] Finished load of: file:///Users/rubendeman/Library/Developer/CoreSimulator/Devices/35148872-2E21-4E31-9725-B22E219D5804/data/Containers/Bundle/Application/55EF388D-3AF1-4471-B8DE-7094A1315D9E/Crownstone.app/www/login.html
2015-06-09 11:42:04.012 Crownstone[3551:125519] CDVPlugin class CDVDevice (pluginName: Device) does not exist.
2015-06-09 11:42:04.012 Crownstone[3551:125519] ERROR: Plugin 'Device' not found, or is not a CDVPlugin. Check your plugin mapping in config.xml.
2015-06-09 11:42:04.012 Crownstone[3551:125519] -[CDVCommandQueue executePending] [Line 159] FAILED pluginJSON = ["Device1841471087","Device","getDeviceInfo",[]]
2015-06-09 11:42:07.636 Crownstone[3551:125519] Resetting plugins due to page load.
2015-06-09 11:42:07.658 Crownstone[3551:125519] Finished load of: file:///Users/rubendeman/Library/Developer/CoreSimulator/Devices/35148872-2E21-4E31-9725-B22E219D5804/data/Containers/Bundle/Application/55EF388D-3AF1-4471-B8DE-7094A1315D9E/Crownstone.app/www/lostPassword.html
2015-06-09 11:43:08.107 Crownstone[3876:126444] DiskCookieStorage changing policy from 2 to 0, cookie file: file:///Users/rubendeman/Library/Developer/CoreSimulator/Devices/35148872-2E21-4E31-9725-B22E219D5804/data/Containers/Data/Application/6FBB9EEB-C2B2-4394-AA7B-9C32656FAC28/Library/Cookies/Cookies.binarycookies
2015-06-09 11:43:08.183 Crownstone[3876:126444] Apache Cordova native platform version 3.8.0 is starting.
2015-06-09 11:43:08.183 Crownstone[3876:126444] Multi-tasking -> Device: YES, App: YES
2015-06-09 11:43:08.185 Crownstone[3876:126444] Unlimited access to network resources
2015-06-09 11:43:08.187 Crownstone[3876:126444] 

Started backup to iCloud! Please be careful.
Your application might be rejected by Apple if you store too much data.
For more information please read "iOS Data Storage Guidelines" at:
https://developer.apple.com/icloud/documentation/data-storage/
To disable web storage backup to iCloud, set the BackupWebStorage preference to "local" in the Cordova config.xml file

2015-06-09 11:43:08.356 Crownstone[3876:126444] Resetting plugins due to page load.
2015-06-09 11:43:08.402 Crownstone[3876:126444] Finished load of: file:///Users/rubendeman/Library/Developer/CoreSimulator/Devices/35148872-2E21-4E31-9725-B22E219D5804/data/Containers/Bundle/Application/AA26CC87-7501-443A-9EBF-3DE1034C8EBA/Crownstone.app/www/index.html
2015-06-09 11:43:08.463 Crownstone[3876:126444] CDVPlugin class CDVDevice (pluginName: Device) does not exist.
2015-06-09 11:43:08.463 Crownstone[3876:126444] ERROR: Plugin 'Device' not found, or is not a CDVPlugin. Check your plugin mapping in config.xml.
2015-06-09 11:43:08.464 Crownstone[3876:126444] -[CDVCommandQueue executePending] [Line 159] FAILED pluginJSON = ["Device1702314170","Device","getDeviceInfo",[]]
2015-06-09 11:43:10.757 Crownstone[3876:126444] Resetting plugins due to page load.
2015-06-09 11:43:10.772 Crownstone[3876:126444] Finished load of: file:///Users/rubendeman/Library/Developer/CoreSimulator/Devices/35148872-2E21-4E31-9725-B22E219D5804/data/Containers/Bundle/Application/AA26CC87-7501-443A-9EBF-3DE1034C8EBA/Crownstone.app/www/login.html
2015-06-09 11:43:10.785 Crownstone[3876:126444] CDVPlugin class CDVDevice (pluginName: Device) does not exist.
2015-06-09 11:43:10.785 Crownstone[3876:126444] ERROR: Plugin 'Device' not found, or is not a CDVPlugin. Check your plugin mapping in config.xml.
2015-06-09 11:43:10.785 Crownstone[3876:126444] -[CDVCommandQueue executePending] [Line 159] FAILED pluginJSON = ["Device1325937906","Device","getDeviceInfo",[]]
2015-06-09 11:43:12.260 Crownstone[3876:126444] Resetting plugins due to page load.
2015-06-09 11:43:12.270 Crownstone[3876:126444] Finished load of: file:///Users/rubendeman/Library/Developer/CoreSimulator/Devices/35148872-2E21-4E31-9725-B22E219D5804/data/Containers/Bundle/Application/AA26CC87-7501-443A-9EBF-3DE1034C8EBA/Crownstone.app/www/lostPassword.html
2015-06-09 11:44:56.569 Crownstone[4248:129132] DiskCookieStorage changing policy from 2 to 0, cookie file: file:///Users/rubendeman/Library/Developer/CoreSimulator/Devices/35148872-2E21-4E31-9725-B22E219D5804/data/Containers/Data/Application/35DFB6A2-815F-467B-BCD2-EAFBDCF745AE/Library/Cookies/Cookies.binarycookies
2015-06-09 11:44:56.682 Crownstone[4248:129132] Apache Cordova native platform version 3.8.0 is starting.
2015-06-09 11:44:56.683 Crownstone[4248:129132] Multi-tasking -> Device: YES, App: YES
2015-06-09 11:44:56.685 Crownstone[4248:129132] Unlimited access to network resources
2015-06-09 11:44:56.688 Crownstone[4248:129132] 

Started backup to iCloud! Please be careful.
Your application might be rejected by Apple if you store too much data.
For more information please read "iOS Data Storage Guidelines" at:
https://developer.apple.com/icloud/documentation/data-storage/
To disable web storage backup to iCloud, set the BackupWebStorage preference to "local" in the Cordova config.xml file

2015-06-09 11:44:56.847 Crownstone[4248:129132] Resetting plugins due to page load.
2015-06-09 11:44:56.893 Crownstone[4248:129132] Finished load of: file:///Users/rubendeman/Library/Developer/CoreSimulator/Devices/35148872-2E21-4E31-9725-B22E219D5804/data/Containers/Bundle/Application/2C9CB308-297D-4F4E-B947-9E6FF8588645/Crownstone.app/www/index.html
2015-06-09 11:44:56.952 Crownstone[4248:129132] CDVPlugin class CDVDevice (pluginName: Device) does not exist.
2015-06-09 11:44:56.952 Crownstone[4248:129132] ERROR: Plugin 'Device' not found, or is not a CDVPlugin. Check your plugin mapping in config.xml.
2015-06-09 11:44:56.953 Crownstone[4248:129132] -[CDVCommandQueue executePending] [Line 159] FAILED pluginJSON = ["Device1939514831","Device","getDeviceInfo",[]]
2015-06-09 11:45:33.355 Crownstone[4572:129904] DiskCookieStorage changing policy from 2 to 0, cookie file: file:///Users/rubendeman/Library/Developer/CoreSimulator/Devices/35148872-2E21-4E31-9725-B22E219D5804/data/Containers/Data/Application/8036BFB7-7E03-4566-8AED-CA592AA00DA3/Library/Cookies/Cookies.binarycookies
2015-06-09 11:45:33.424 Crownstone[4572:129904] Apache Cordova native platform version 3.8.0 is starting.
2015-06-09 11:45:33.424 Crownstone[4572:129904] Multi-tasking -> Device: YES, App: YES
2015-06-09 11:45:33.426 Crownstone[4572:129904] Unlimited access to network resources
2015-06-09 11:45:33.429 Crownstone[4572:129904] 

Started backup to iCloud! Please be careful.
Your application might be rejected by Apple if you store too much data.
For more information please read "iOS Data Storage Guidelines" at:
https://developer.apple.com/icloud/documentation/data-storage/
To disable web storage backup to iCloud, set the BackupWebStorage preference to "local" in the Cordova config.xml file

2015-06-09 11:45:33.581 Crownstone[4572:129904] Resetting plugins due to page load.
2015-06-09 11:45:33.679 Crownstone[4572:129904] Finished load of: file:///Users/rubendeman/Library/Developer/CoreSimulator/Devices/35148872-2E21-4E31-9725-B22E219D5804/data/Containers/Bundle/Application/345EBA0C-0CE0-40F6-AFE9-F0F0232A08C2/Crownstone.app/www/index.html
2015-06-09 11:45:33.696 Crownstone[4572:129904] CDVPlugin class CDVDevice (pluginName: Device) does not exist.
2015-06-09 11:45:33.696 Crownstone[4572:129904] ERROR: Plugin 'Device' not found, or is not a CDVPlugin. Check your plugin mapping in config.xml.
2015-06-09 11:45:33.696 Crownstone[4572:129904] -[CDVCommandQueue executePending] [Line 159] FAILED pluginJSON = ["Device1484050878","Device","getDeviceInfo",[]]
2015-06-09 11:45:35.560 Crownstone[4572:129904] Resetting plugins due to page load.
2015-06-09 11:45:35.581 Crownstone[4572:129904] Finished load of: file:///Users/rubendeman/Library/Developer/CoreSimulator/Devices/35148872-2E21-4E31-9725-B22E219D5804/data/Containers/Bundle/Application/345EBA0C-0CE0-40F6-AFE9-F0F0232A08C2/Crownstone.app/www/login.html
2015-06-09 11:45:35.599 Crownstone[4572:129904] CDVPlugin class CDVDevice (pluginName: Device) does not exist.
2015-06-09 11:45:35.599 Crownstone[4572:129904] ERROR: Plugin 'Device' not found, or is not a CDVPlugin. Check your plugin mapping in config.xml.
2015-06-09 11:45:35.600 Crownstone[4572:129904] -[CDVCommandQueue executePending] [Line 159] FAILED pluginJSON = ["Device477814648","Device","getDeviceInfo",[]]
2015-06-09 11:45:36.783 Crownstone[4572:129904] Resetting plugins due to page load.
2015-06-09 11:45:36.798 Crownstone[4572:129904] Finished load of: file:///Users/rubendeman/Library/Developer/CoreSimulator/Devices/35148872-2E21-4E31-9725-B22E219D5804/data/Containers/Bundle/Application/345EBA0C-0CE0-40F6-AFE9-F0F0232A08C2/Crownstone.app/www/lostPassword.html
2015-06-09 11:46:11.046 Crownstone[4893:130647] DiskCookieStorage changing policy from 2 to 0, cookie file: file:///Users/rubendeman/Library/Developer/CoreSimulator/Devices/35148872-2E21-4E31-9725-B22E219D5804/data/Containers/Data/Application/462A83C5-3AD3-43A6-BEC4-E6A253EE0B84/Library/Cookies/Cookies.binarycookies
2015-06-09 11:46:11.116 Crownstone[4893:130647] Apache Cordova native platform version 3.8.0 is starting.
2015-06-09 11:46:11.117 Crownstone[4893:130647] Multi-tasking -> Device: YES, App: YES
2015-06-09 11:46:11.118 Crownstone[4893:130647] Unlimited access to network resources
2015-06-09 11:46:11.121 Crownstone[4893:130647] 

Started backup to iCloud! Please be careful.
Your application might be rejected by Apple if you store too much data.
For more information please read "iOS Data Storage Guidelines" at:
https://developer.apple.com/icloud/documentation/data-storage/
To disable web storage backup to iCloud, set the BackupWebStorage preference to "local" in the Cordova config.xml file

2015-06-09 11:46:11.281 Crownstone[4893:130647] Resetting plugins due to page load.
2015-06-09 11:46:11.372 Crownstone[4893:130647] Finished load of: file:///Users/rubendeman/Library/Developer/CoreSimulator/Devices/35148872-2E21-4E31-9725-B22E219D5804/data/Containers/Bundle/Application/5D8CB805-5866-45D0-9A4C-DDDA1CA19B6A/Crownstone.app/www/index.html
2015-06-09 11:46:11.396 Crownstone[4893:130647] CDVPlugin class CDVDevice (pluginName: Device) does not exist.
2015-06-09 11:46:11.396 Crownstone[4893:130647] ERROR: Plugin 'Device' not found, or is not a CDVPlugin. Check your plugin mapping in config.xml.
2015-06-09 11:46:11.396 Crownstone[4893:130647] -[CDVCommandQueue executePending] [Line 159] FAILED pluginJSON = ["Device1860253928","Device","getDeviceInfo",[]]
2015-06-09 11:46:12.881 Crownstone[4893:130647] Resetting plugins due to page load.
2015-06-09 11:46:12.895 Crownstone[4893:130647] Finished load of: file:///Users/rubendeman/Library/Developer/CoreSimulator/Devices/35148872-2E21-4E31-9725-B22E219D5804/data/Containers/Bundle/Application/5D8CB805-5866-45D0-9A4C-DDDA1CA19B6A/Crownstone.app/www/login.html
2015-06-09 11:46:12.906 Crownstone[4893:130647] CDVPlugin class CDVDevice (pluginName: Device) does not exist.
2015-06-09 11:46:12.907 Crownstone[4893:130647] ERROR: Plugin 'Device' not found, or is not a CDVPlugin. Check your plugin mapping in config.xml.
2015-06-09 11:46:12.907 Crownstone[4893:130647] -[CDVCommandQueue executePending] [Line 159] FAILED pluginJSON = ["Device1469647374","Device","getDeviceInfo",[]]
2015-06-09 11:46:16.331 Crownstone[4893:130647] Resetting plugins due to page load.
2015-06-09 11:46:16.343 Crownstone[4893:130647] Finished load of: file:///Users/rubendeman/Library/Developer/CoreSimulator/Devices/35148872-2E21-4E31-9725-B22E219D5804/data/Containers/Bundle/Application/5D8CB805-5866-45D0-9A4C-DDDA1CA19B6A/Crownstone.app/www/lostPassword.html
2015-06-09 11:46:17.691 Crownstone[4893:130647] Resetting plugins due to page load.
2015-06-09 11:46:17.702 Crownstone[4893:130647] Finished load of: file:///Users/rubendeman/Library/Developer/CoreSimulator/Devices/35148872-2E21-4E31-9725-B22E219D5804/data/Containers/Bundle/Application/5D8CB805-5866-45D0-9A4C-DDDA1CA19B6A/Crownstone.app/www/login.html
2015-06-09 11:46:17.711 Crownstone[4893:130647] CDVPlugin class CDVDevice (pluginName: Device) does not exist.
2015-06-09 11:46:17.712 Crownstone[4893:130647] ERROR: Plugin 'Device' not found, or is not a CDVPlugin. Check your plugin mapping in config.xml.
2015-06-09 11:46:17.712 Crownstone[4893:130647] -[CDVCommandQueue executePending] [Line 159] FAILED pluginJSON = ["Device1851568952","Device","getDeviceInfo",[]]
2015-06-09 11:46:24.979 Crownstone[4893:130647] Resetting plugins due to page load.
2015-06-09 11:46:25.012 Crownstone[4893:130647] Finished load of: file:///Users/rubendeman/Library/Developer/CoreSimulator/Devices/35148872-2E21-4E31-9725-B22E219D5804/data/Containers/Bundle/Application/5D8CB805-5866-45D0-9A4C-DDDA1CA19B6A/Crownstone.app/www/home.html
2015-06-09 11:46:32.628 Crownstone[4893:130647] Resetting plugins due to page load.
2015-06-09 11:46:32.645 Crownstone[4893:130647] Finished load of: file:///Users/rubendeman/Library/Developer/CoreSimulator/Devices/35148872-2E21-4E31-9725-B22E219D5804/data/Containers/Bundle/Application/5D8CB805-5866-45D0-9A4C-DDDA1CA19B6A/Crownstone.app/www/index.html
2015-06-09 11:46:32.656 Crownstone[4893:130647] CDVPlugin class CDVDevice (pluginName: Device) does not exist.
2015-06-09 11:46:32.656 Crownstone[4893:130647] ERROR: Plugin 'Device' not found, or is not a CDVPlugin. Check your plugin mapping in config.xml.
2015-06-09 11:46:32.657 Crownstone[4893:130647] -[CDVCommandQueue executePending] [Line 159] FAILED pluginJSON = ["Device1533728057","Device","getDeviceInfo",[]]
2015-06-09 12:01:12.270 Crownstone[4893:140378] Communications error: <OS_xpc_error: <error: 0x2d615f4> { count = 1, contents =
	"XPCErrorDescription" => <string: 0x2d6183c> { length = 22, contents = "Connection interrupted" }
}>
2015-06-09 14:32:54.348 Crownstone[6287:175374] DiskCookieStorage changing policy from 2 to 0, cookie file: file:///Users/rubendeman/Library/Developer/CoreSimulator/Devices/35148872-2E21-4E31-9725-B22E219D5804/data/Containers/Data/Application/27A8C6A3-0747-4E40-B669-A2728C6B9363/Library/Cookies/Cookies.binarycookies
2015-06-09 14:32:54.776 Crownstone[6287:175374] Apache Cordova native platform version 3.8.0 is starting.
2015-06-09 14:32:54.777 Crownstone[6287:175374] Multi-tasking -> Device: YES, App: YES
2015-06-09 14:32:54.795 Crownstone[6287:175374] Unlimited access to network resources
2015-06-09 14:32:54.805 Crownstone[6287:175374] 

Started backup to iCloud! Please be careful.
Your application might be rejected by Apple if you store too much data.
For more information please read "iOS Data Storage Guidelines" at:
https://developer.apple.com/icloud/documentation/data-storage/
To disable web storage backup to iCloud, set the BackupWebStorage preference to "local" in the Cordova config.xml file

2015-06-09 14:32:55.698 Crownstone[6287:175374] Resetting plugins due to page load.
2015-06-09 14:32:55.949 Crownstone[6287:175374] Finished load of: file:///Users/rubendeman/Library/Developer/CoreSimulator/Devices/35148872-2E21-4E31-9725-B22E219D5804/data/Containers/Bundle/Application/A441C309-8F5C-4A3F-8249-DA22A7F641D0/Crownstone.app/www/index.html
2015-06-09 14:32:56.103 Crownstone[6287:175374] CDVPlugin class CDVDevice (pluginName: Device) does not exist.
2015-06-09 14:32:56.103 Crownstone[6287:175374] ERROR: Plugin 'Device' not found, or is not a CDVPlugin. Check your plugin mapping in config.xml.
2015-06-09 14:32:56.103 Crownstone[6287:175374] -[CDVCommandQueue executePending] [Line 159] FAILED pluginJSON = ["Device393732252","Device","getDeviceInfo",[]]
2015-06-09 14:33:12.156 Crownstone[6287:175374] Resetting plugins due to page load.
2015-06-09 14:33:12.215 Crownstone[6287:175374] Finished load of: file:///Users/rubendeman/Library/Developer/CoreSimulator/Devices/35148872-2E21-4E31-9725-B22E219D5804/data/Containers/Bundle/Application/A441C309-8F5C-4A3F-8249-DA22A7F641D0/Crownstone.app/www/login.html
2015-06-09 14:33:12.242 Crownstone[6287:175374] CDVPlugin class CDVDevice (pluginName: Device) does not exist.
2015-06-09 14:33:12.242 Crownstone[6287:175374] ERROR: Plugin 'Device' not found, or is not a CDVPlugin. Check your plugin mapping in config.xml.
2015-06-09 14:33:12.243 Crownstone[6287:175374] -[CDVCommandQueue executePending] [Line 159] FAILED pluginJSON = ["Device296164844","Device","getDeviceInfo",[]]
2015-06-09 14:33:19.149 Crownstone[6287:175374] Resetting plugins due to page load.
2015-06-09 14:33:19.224 Crownstone[6287:175374] Finished load of: file:///Users/rubendeman/Library/Developer/CoreSimulator/Devices/35148872-2E21-4E31-9725-B22E219D5804/data/Containers/Bundle/Application/A441C309-8F5C-4A3F-8249-DA22A7F641D0/Crownstone.app/www/home.html
2015-06-09 14:37:50.007 Crownstone[6287:177895] Communications error: <OS_xpc_error: <error: 0x2d605f4> { count = 1, contents =
	"XPCErrorDescription" => <string: 0x2d6083c> { length = 22, contents = "Connection interrupted" }
}>
2015-06-09 22:18:03.170 Crownstone[9956:260822] DiskCookieStorage changing policy from 2 to 0, cookie file: file:///Users/rubendeman/Library/Developer/CoreSimulator/Devices/35148872-2E21-4E31-9725-B22E219D5804/data/Containers/Data/Application/A6408CFB-FE7D-493C-8759-BAB2C63CB082/Library/Cookies/Cookies.binarycookies
2015-06-09 22:18:03.587 Crownstone[9956:260822] Apache Cordova native platform version 3.8.0 is starting.
2015-06-09 22:18:03.588 Crownstone[9956:260822] Multi-tasking -> Device: YES, App: YES
2015-06-09 22:18:03.605 Crownstone[9956:260822] Unlimited access to network resources
2015-06-09 22:18:03.616 Crownstone[9956:260822] 

Started backup to iCloud! Please be careful.
Your application might be rejected by Apple if you store too much data.
For more information please read "iOS Data Storage Guidelines" at:
https://developer.apple.com/icloud/documentation/data-storage/
To disable web storage backup to iCloud, set the BackupWebStorage preference to "local" in the Cordova config.xml file

2015-06-09 22:18:04.438 Crownstone[9956:260822] Resetting plugins due to page load.
2015-06-09 22:18:04.676 Crownstone[9956:260822] Finished load of: file:///Users/rubendeman/Library/Developer/CoreSimulator/Devices/35148872-2E21-4E31-9725-B22E219D5804/data/Containers/Bundle/Application/1393710A-FA50-4850-A5E5-CD11BE7BDFB3/Crownstone.app/www/index.html
2015-06-09 22:18:04.828 Crownstone[9956:260822] CDVPlugin class CDVDevice (pluginName: Device) does not exist.
2015-06-09 22:18:04.828 Crownstone[9956:260822] ERROR: Plugin 'Device' not found, or is not a CDVPlugin. Check your plugin mapping in config.xml.
2015-06-09 22:18:04.828 Crownstone[9956:260822] -[CDVCommandQueue executePending] [Line 159] FAILED pluginJSON = ["Device635343067","Device","getDeviceInfo",[]]
2015-06-09 22:18:07.220 Crownstone[9956:260822] Resetting plugins due to page load.
2015-06-09 22:18:07.267 Crownstone[9956:260822] Finished load of: file:///Users/rubendeman/Library/Developer/CoreSimulator/Devices/35148872-2E21-4E31-9725-B22E219D5804/data/Containers/Bundle/Application/1393710A-FA50-4850-A5E5-CD11BE7BDFB3/Crownstone.app/www/login.html
2015-06-09 22:18:07.283 Crownstone[9956:260822] CDVPlugin class CDVDevice (pluginName: Device) does not exist.
2015-06-09 22:18:07.283 Crownstone[9956:260822] ERROR: Plugin 'Device' not found, or is not a CDVPlugin. Check your plugin mapping in config.xml.
2015-06-09 22:18:07.284 Crownstone[9956:260822] -[CDVCommandQueue executePending] [Line 159] FAILED pluginJSON = ["Device1508830161","Device","getDeviceInfo",[]]
2015-06-09 22:18:08.544 Crownstone[9956:260822] Resetting plugins due to page load.
2015-06-09 22:18:08.556 Crownstone[9956:260822] Finished load of: file:///Users/rubendeman/Library/Developer/CoreSimulator/Devices/35148872-2E21-4E31-9725-B22E219D5804/data/Containers/Bundle/Application/1393710A-FA50-4850-A5E5-CD11BE7BDFB3/Crownstone.app/www/login.html
2015-06-09 22:18:08.568 Crownstone[9956:260822] CDVPlugin class CDVDevice (pluginName: Device) does not exist.
2015-06-09 22:18:08.568 Crownstone[9956:260822] ERROR: Plugin 'Device' not found, or is not a CDVPlugin. Check your plugin mapping in config.xml.
2015-06-09 22:18:08.568 Crownstone[9956:260822] -[CDVCommandQueue executePending] [Line 159] FAILED pluginJSON = ["Device864122180","Device","getDeviceInfo",[]]
2015-06-09 22:18:09.370 Crownstone[9956:260822] Resetting plugins due to page load.
2015-06-09 22:18:09.382 Crownstone[9956:260822] Finished load of: file:///Users/rubendeman/Library/Developer/CoreSimulator/Devices/35148872-2E21-4E31-9725-B22E219D5804/data/Containers/Bundle/Application/1393710A-FA50-4850-A5E5-CD11BE7BDFB3/Crownstone.app/www/login.html
2015-06-09 22:18:09.392 Crownstone[9956:260822] CDVPlugin class CDVDevice (pluginName: Device) does not exist.
2015-06-09 22:18:09.392 Crownstone[9956:260822] ERROR: Plugin 'Device' not found, or is not a CDVPlugin. Check your plugin mapping in config.xml.
2015-06-09 22:18:09.392 Crownstone[9956:260822] -[CDVCommandQueue executePending] [Line 159] FAILED pluginJSON = ["Device1387974803","Device","getDeviceInfo",[]]
2015-06-09 22:18:10.468 Crownstone[9956:260822] Resetting plugins due to page load.
2015-06-09 22:18:10.479 Crownstone[9956:260822] Finished load of: file:///Users/rubendeman/Library/Developer/CoreSimulator/Devices/35148872-2E21-4E31-9725-B22E219D5804/data/Containers/Bundle/Application/1393710A-FA50-4850-A5E5-CD11BE7BDFB3/Crownstone.app/www/login.html
2015-06-09 22:18:10.488 Crownstone[9956:260822] CDVPlugin class CDVDevice (pluginName: Device) does not exist.
2015-06-09 22:18:10.489 Crownstone[9956:260822] ERROR: Plugin 'Device' not found, or is not a CDVPlugin. Check your plugin mapping in config.xml.
2015-06-09 22:18:10.489 Crownstone[9956:260822] -[CDVCommandQueue executePending] [Line 159] FAILED pluginJSON = ["Device1359414710","Device","getDeviceInfo",[]]
2015-06-09 22:18:10.979 Crownstone[9956:260822] Resetting plugins due to page load.
2015-06-09 22:18:10.991 Crownstone[9956:260822] Finished load of: file:///Users/rubendeman/Library/Developer/CoreSimulator/Devices/35148872-2E21-4E31-9725-B22E219D5804/data/Containers/Bundle/Application/1393710A-FA50-4850-A5E5-CD11BE7BDFB3/Crownstone.app/www/login.html
2015-06-09 22:18:11.001 Crownstone[9956:260822] CDVPlugin class CDVDevice (pluginName: Device) does not exist.
2015-06-09 22:18:11.001 Crownstone[9956:260822] ERROR: Plugin 'Device' not found, or is not a CDVPlugin. Check your plugin mapping in config.xml.
2015-06-09 22:18:11.001 Crownstone[9956:260822] -[CDVCommandQueue executePending] [Line 159] FAILED pluginJSON = ["Device539606801","Device","getDeviceInfo",[]]
2015-06-09 22:18:28.633 Crownstone[10298:261779] DiskCookieStorage changing policy from 2 to 0, cookie file: file:///Users/rubendeman/Library/Developer/CoreSimulator/Devices/35148872-2E21-4E31-9725-B22E219D5804/data/Containers/Data/Application/4801CD55-927E-4FE6-9575-9998C29B38DA/Library/Cookies/Cookies.binarycookies
2015-06-09 22:18:28.701 Crownstone[10298:261779] Apache Cordova native platform version 3.8.0 is starting.
2015-06-09 22:18:28.702 Crownstone[10298:261779] Multi-tasking -> Device: YES, App: YES
2015-06-09 22:18:28.704 Crownstone[10298:261779] Unlimited access to network resources
2015-06-09 22:18:28.707 Crownstone[10298:261779] 

Started backup to iCloud! Please be careful.
Your application might be rejected by Apple if you store too much data.
For more information please read "iOS Data Storage Guidelines" at:
https://developer.apple.com/icloud/documentation/data-storage/
To disable web storage backup to iCloud, set the BackupWebStorage preference to "local" in the Cordova config.xml file

2015-06-09 22:18:28.872 Crownstone[10298:261779] Resetting plugins due to page load.
2015-06-09 22:18:28.914 Crownstone[10298:261779] Finished load of: file:///Users/rubendeman/Library/Developer/CoreSimulator/Devices/35148872-2E21-4E31-9725-B22E219D5804/data/Containers/Bundle/Application/E1F676D2-53E5-4AC9-9339-1656E8969BD5/Crownstone.app/www/index.html
2015-06-09 22:18:28.972 Crownstone[10298:261779] CDVPlugin class CDVDevice (pluginName: Device) does not exist.
2015-06-09 22:18:28.973 Crownstone[10298:261779] ERROR: Plugin 'Device' not found, or is not a CDVPlugin. Check your plugin mapping in config.xml.
2015-06-09 22:18:28.973 Crownstone[10298:261779] -[CDVCommandQueue executePending] [Line 159] FAILED pluginJSON = ["Device1762855563","Device","getDeviceInfo",[]]
2015-06-09 22:18:30.957 Crownstone[10298:261779] Resetting plugins due to page load.
2015-06-09 22:18:30.971 Crownstone[10298:261779] Finished load of: file:///Users/rubendeman/Library/Developer/CoreSimulator/Devices/35148872-2E21-4E31-9725-B22E219D5804/data/Containers/Bundle/Application/E1F676D2-53E5-4AC9-9339-1656E8969BD5/Crownstone.app/www/login.html
2015-06-09 22:18:30.983 Crownstone[10298:261779] CDVPlugin class CDVDevice (pluginName: Device) does not exist.
2015-06-09 22:18:30.983 Crownstone[10298:261779] ERROR: Plugin 'Device' not found, or is not a CDVPlugin. Check your plugin mapping in config.xml.
2015-06-09 22:18:30.983 Crownstone[10298:261779] -[CDVCommandQueue executePending] [Line 159] FAILED pluginJSON = ["Device1243477081","Device","getDeviceInfo",[]]
2015-06-09 22:18:32.407 Crownstone[10298:261779] Resetting plugins due to page load.
2015-06-09 22:18:32.540 Crownstone[10298:261779] Finished load of: file:///Users/rubendeman/Library/Developer/CoreSimulator/Devices/35148872-2E21-4E31-9725-B22E219D5804/data/Containers/Bundle/Application/E1F676D2-53E5-4AC9-9339-1656E8969BD5/Crownstone.app/www/register.html
2015-06-09 22:18:51.281 Crownstone[10298:261823] Communications error: <OS_xpc_error: <error: 0x2dae5f4> { count = 1, contents =
	"XPCErrorDescription" => <string: 0x2dae83c> { length = 22, contents = "Connection interrupted" }
}>
2015-06-09 23:09:06.783 Crownstone[10882:285461] DiskCookieStorage changing policy from 2 to 0, cookie file: file:///Users/rubendeman/Library/Developer/CoreSimulator/Devices/35148872-2E21-4E31-9725-B22E219D5804/data/Containers/Data/Application/98E449BA-489A-4B40-8EA4-955173BE23D4/Library/Cookies/Cookies.binarycookies
2015-06-09 23:09:06.964 Crownstone[10882:285461] Apache Cordova native platform version 3.8.0 is starting.
2015-06-09 23:09:06.965 Crownstone[10882:285461] Multi-tasking -> Device: YES, App: YES
2015-06-09 23:09:06.980 Crownstone[10882:285461] Unlimited access to network resources
2015-06-09 23:09:06.988 Crownstone[10882:285461] 

Started backup to iCloud! Please be careful.
Your application might be rejected by Apple if you store too much data.
For more information please read "iOS Data Storage Guidelines" at:
https://developer.apple.com/icloud/documentation/data-storage/
To disable web storage backup to iCloud, set the BackupWebStorage preference to "local" in the Cordova config.xml file

2015-06-09 23:09:07.541 Crownstone[10882:285461] Resetting plugins due to page load.
2015-06-09 23:09:07.745 Crownstone[10882:285461] Finished load of: file:///Users/rubendeman/Library/Developer/CoreSimulator/Devices/35148872-2E21-4E31-9725-B22E219D5804/data/Containers/Bundle/Application/9B909ADD-04FB-4BE3-B018-C8DE35AD7850/Crownstone.app/www/index.html
2015-06-09 23:09:07.881 Crownstone[10882:285461] CDVPlugin class CDVDevice (pluginName: Device) does not exist.
2015-06-09 23:09:07.882 Crownstone[10882:285461] ERROR: Plugin 'Device' not found, or is not a CDVPlugin. Check your plugin mapping in config.xml.
2015-06-09 23:09:07.882 Crownstone[10882:285461] -[CDVCommandQueue executePending] [Line 159] FAILED pluginJSON = ["Device605437590","Device","getDeviceInfo",[]]
2015-06-09 23:09:10.164 Crownstone[10882:285461] Resetting plugins due to page load.
2015-06-09 23:09:10.279 Crownstone[10882:285461] Finished load of: file:///Users/rubendeman/Library/Developer/CoreSimulator/Devices/35148872-2E21-4E31-9725-B22E219D5804/data/Containers/Bundle/Application/9B909ADD-04FB-4BE3-B018-C8DE35AD7850/Crownstone.app/www/login.html
2015-06-09 23:09:10.298 Crownstone[10882:285461] CDVPlugin class CDVDevice (pluginName: Device) does not exist.
2015-06-09 23:09:10.298 Crownstone[10882:285461] ERROR: Plugin 'Device' not found, or is not a CDVPlugin. Check your plugin mapping in config.xml.
2015-06-09 23:09:10.298 Crownstone[10882:285461] -[CDVCommandQueue executePending] [Line 159] FAILED pluginJSON = ["Device1477759981","Device","getDeviceInfo",[]]
2015-06-09 23:44:28.745 Crownstone[10882:289196] Communications error: <OS_xpc_error: <error: 0x2d2f5f4> { count = 1, contents =
	"XPCErrorDescription" => <string: 0x2d2f83c> { length = 22, contents = "Connection interrupted" }
}>
2015-06-09 23:59:07.473 Crownstone[13729:299333] DiskCookieStorage changing policy from 2 to 0, cookie file: file:///Users/rubendeman/Library/Developer/CoreSimulator/Devices/35148872-2E21-4E31-9725-B22E219D5804/data/Containers/Data/Application/7F8486C8-EE36-4BD1-9420-7ACFA245A48E/Library/Cookies/Cookies.binarycookies
2015-06-09 23:59:07.983 Crownstone[13729:299333] Apache Cordova native platform version 3.8.0 is starting.
2015-06-09 23:59:07.984 Crownstone[13729:299333] Multi-tasking -> Device: YES, App: YES
2015-06-09 23:59:08.006 Crownstone[13729:299333] Unlimited access to network resources
2015-06-09 23:59:08.020 Crownstone[13729:299333] 

Started backup to iCloud! Please be careful.
Your application might be rejected by Apple if you store too much data.
For more information please read "iOS Data Storage Guidelines" at:
https://developer.apple.com/icloud/documentation/data-storage/
To disable web storage backup to iCloud, set the BackupWebStorage preference to "local" in the Cordova config.xml file

2015-06-09 23:59:09.113 Crownstone[13729:299333] Resetting plugins due to page load.
2015-06-09 23:59:09.386 Crownstone[13729:299333] Finished load of: file:///Users/rubendeman/Library/Developer/CoreSimulator/Devices/35148872-2E21-4E31-9725-B22E219D5804/data/Containers/Bundle/Application/B749D12D-313D-48F9-A5D0-FA43CD932F88/Crownstone.app/www/index.html
2015-06-09 23:59:09.557 Crownstone[13729:299333] CDVPlugin class CDVDevice (pluginName: Device) does not exist.
2015-06-09 23:59:09.557 Crownstone[13729:299333] ERROR: Plugin 'Device' not found, or is not a CDVPlugin. Check your plugin mapping in config.xml.
2015-06-09 23:59:09.557 Crownstone[13729:299333] -[CDVCommandQueue executePending] [Line 159] FAILED pluginJSON = ["Device247032225","Device","getDeviceInfo",[]]
2015-06-09 23:59:14.025 Crownstone[13729:299333] Resetting plugins due to page load.
2015-06-09 23:59:14.154 Crownstone[13729:299333] Finished load of: file:///Users/rubendeman/Library/Developer/CoreSimulator/Devices/35148872-2E21-4E31-9725-B22E219D5804/data/Containers/Bundle/Application/B749D12D-313D-48F9-A5D0-FA43CD932F88/Crownstone.app/www/login.html
2015-06-09 23:59:14.180 Crownstone[13729:299333] CDVPlugin class CDVDevice (pluginName: Device) does not exist.
2015-06-09 23:59:14.180 Crownstone[13729:299333] ERROR: Plugin 'Device' not found, or is not a CDVPlugin. Check your plugin mapping in config.xml.
2015-06-09 23:59:14.180 Crownstone[13729:299333] -[CDVCommandQueue executePending] [Line 159] FAILED pluginJSON = ["Device1408011149","Device","getDeviceInfo",[]]
2015-06-09 23:59:17.173 Crownstone[13729:299333] Resetting plugins due to page load.
2015-06-09 23:59:17.248 Crownstone[13729:299333] Finished load of: file:///Users/rubendeman/Library/Developer/CoreSimulator/Devices/35148872-2E21-4E31-9725-B22E219D5804/data/Containers/Bundle/Application/B749D12D-313D-48F9-A5D0-FA43CD932F88/Crownstone.app/www/register.html
2015-06-10 00:00:45.717 Crownstone[14058:300738] DiskCookieStorage changing policy from 2 to 0, cookie file: file:///Users/rubendeman/Library/Developer/CoreSimulator/Devices/35148872-2E21-4E31-9725-B22E219D5804/data/Containers/Data/Application/6258C69F-E31E-486E-9C81-B29117F33DEB/Library/Cookies/Cookies.binarycookies
2015-06-10 00:00:45.789 Crownstone[14058:300738] Apache Cordova native platform version 3.8.0 is starting.
2015-06-10 00:00:45.790 Crownstone[14058:300738] Multi-tasking -> Device: YES, App: YES
2015-06-10 00:00:45.792 Crownstone[14058:300738] Unlimited access to network resources
2015-06-10 00:00:45.795 Crownstone[14058:300738] 

Started backup to iCloud! Please be careful.
Your application might be rejected by Apple if you store too much data.
For more information please read "iOS Data Storage Guidelines" at:
https://developer.apple.com/icloud/documentation/data-storage/
To disable web storage backup to iCloud, set the BackupWebStorage preference to "local" in the Cordova config.xml file

2015-06-10 00:00:45.955 Crownstone[14058:300738] Resetting plugins due to page load.
2015-06-10 00:00:46.000 Crownstone[14058:300738] Finished load of: file:///Users/rubendeman/Library/Developer/CoreSimulator/Devices/35148872-2E21-4E31-9725-B22E219D5804/data/Containers/Bundle/Application/A08BDE09-8D9D-46F2-9343-C41434C14C88/Crownstone.app/www/index.html
2015-06-10 00:00:46.058 Crownstone[14058:300738] CDVPlugin class CDVDevice (pluginName: Device) does not exist.
2015-06-10 00:00:46.059 Crownstone[14058:300738] ERROR: Plugin 'Device' not found, or is not a CDVPlugin. Check your plugin mapping in config.xml.
2015-06-10 00:00:46.059 Crownstone[14058:300738] -[CDVCommandQueue executePending] [Line 159] FAILED pluginJSON = ["Device1722500993","Device","getDeviceInfo",[]]
2015-06-10 00:00:47.109 Crownstone[14058:300738] Resetting plugins due to page load.
2015-06-10 00:00:47.144 Crownstone[14058:300738] Finished load of: file:///Users/rubendeman/Library/Developer/CoreSimulator/Devices/35148872-2E21-4E31-9725-B22E219D5804/data/Containers/Bundle/Application/A08BDE09-8D9D-46F2-9343-C41434C14C88/Crownstone.app/www/login.html
2015-06-10 00:00:47.154 Crownstone[14058:300738] CDVPlugin class CDVDevice (pluginName: Device) does not exist.
2015-06-10 00:00:47.155 Crownstone[14058:300738] ERROR: Plugin 'Device' not found, or is not a CDVPlugin. Check your plugin mapping in config.xml.
2015-06-10 00:00:47.155 Crownstone[14058:300738] -[CDVCommandQueue executePending] [Line 159] FAILED pluginJSON = ["Device1010913904","Device","getDeviceInfo",[]]
2015-06-10 00:00:57.659 Crownstone[14058:300738] Resetting plugins due to page load.
2015-06-10 00:00:57.700 Crownstone[14058:300738] Finished load of: file:///Users/rubendeman/Library/Developer/CoreSimulator/Devices/35148872-2E21-4E31-9725-B22E219D5804/data/Containers/Bundle/Application/A08BDE09-8D9D-46F2-9343-C41434C14C88/Crownstone.app/www/login.html
2015-06-10 00:00:57.725 Crownstone[14058:300738] CDVPlugin class CDVDevice (pluginName: Device) does not exist.
2015-06-10 00:00:57.726 Crownstone[14058:300738] ERROR: Plugin 'Device' not found, or is not a CDVPlugin. Check your plugin mapping in config.xml.
2015-06-10 00:00:57.726 Crownstone[14058:300738] -[CDVCommandQueue executePending] [Line 159] FAILED pluginJSON = ["Device1690911419","Device","getDeviceInfo",[]]
2015-06-10 00:00:59.966 Crownstone[14058:300738] Resetting plugins due to page load.
2015-06-10 00:00:59.987 Crownstone[14058:300738] Finished load of: file:///Users/rubendeman/Library/Developer/CoreSimulator/Devices/35148872-2E21-4E31-9725-B22E219D5804/data/Containers/Bundle/Application/A08BDE09-8D9D-46F2-9343-C41434C14C88/Crownstone.app/www/login.html
2015-06-10 00:00:59.996 Crownstone[14058:300738] CDVPlugin class CDVDevice (pluginName: Device) does not exist.
2015-06-10 00:00:59.996 Crownstone[14058:300738] ERROR: Plugin 'Device' not found, or is not a CDVPlugin. Check your plugin mapping in config.xml.
2015-06-10 00:00:59.996 Crownstone[14058:300738] -[CDVCommandQueue executePending] [Line 159] FAILED pluginJSON = ["Device1557613297","Device","getDeviceInfo",[]]
2015-06-10 00:01:01.190 Crownstone[14058:300738] Resetting plugins due to page load.
2015-06-10 00:01:01.207 Crownstone[14058:300738] Finished load of: file:///Users/rubendeman/Library/Developer/CoreSimulator/Devices/35148872-2E21-4E31-9725-B22E219D5804/data/Containers/Bundle/Application/A08BDE09-8D9D-46F2-9343-C41434C14C88/Crownstone.app/www/login.html
2015-06-10 00:01:01.219 Crownstone[14058:300738] CDVPlugin class CDVDevice (pluginName: Device) does not exist.
2015-06-10 00:01:01.219 Crownstone[14058:300738] ERROR: Plugin 'Device' not found, or is not a CDVPlugin. Check your plugin mapping in config.xml.
2015-06-10 00:01:01.219 Crownstone[14058:300738] -[CDVCommandQueue executePending] [Line 159] FAILED pluginJSON = ["Device1024390853","Device","getDeviceInfo",[]]
2015-06-10 00:01:57.334 Crownstone[14383:301750] DiskCookieStorage changing policy from 2 to 0, cookie file: file:///Users/rubendeman/Library/Developer/CoreSimulator/Devices/35148872-2E21-4E31-9725-B22E219D5804/data/Containers/Data/Application/F2892076-4EE0-4F8E-A6D0-170E72591089/Library/Cookies/Cookies.binarycookies
2015-06-10 00:01:57.406 Crownstone[14383:301750] Apache Cordova native platform version 3.8.0 is starting.
2015-06-10 00:01:57.406 Crownstone[14383:301750] Multi-tasking -> Device: YES, App: YES
2015-06-10 00:01:57.408 Crownstone[14383:301750] Unlimited access to network resources
2015-06-10 00:01:57.411 Crownstone[14383:301750] 

Started backup to iCloud! Please be careful.
Your application might be rejected by Apple if you store too much data.
For more information please read "iOS Data Storage Guidelines" at:
https://developer.apple.com/icloud/documentation/data-storage/
To disable web storage backup to iCloud, set the BackupWebStorage preference to "local" in the Cordova config.xml file

2015-06-10 00:01:57.567 Crownstone[14383:301750] Resetting plugins due to page load.
2015-06-10 00:01:57.620 Crownstone[14383:301750] Finished load of: file:///Users/rubendeman/Library/Developer/CoreSimulator/Devices/35148872-2E21-4E31-9725-B22E219D5804/data/Containers/Bundle/Application/A9E1FE44-AD33-4B9A-A171-03A6EBA418A9/Crownstone.app/www/index.html
2015-06-10 00:01:57.677 Crownstone[14383:301750] CDVPlugin class CDVDevice (pluginName: Device) does not exist.
2015-06-10 00:01:57.677 Crownstone[14383:301750] ERROR: Plugin 'Device' not found, or is not a CDVPlugin. Check your plugin mapping in config.xml.
2015-06-10 00:01:57.677 Crownstone[14383:301750] -[CDVCommandQueue executePending] [Line 159] FAILED pluginJSON = ["Device1094320855","Device","getDeviceInfo",[]]
2015-06-10 00:01:58.705 Crownstone[14383:301750] Resetting plugins due to page load.
2015-06-10 00:01:58.739 Crownstone[14383:301750] Finished load of: file:///Users/rubendeman/Library/Developer/CoreSimulator/Devices/35148872-2E21-4E31-9725-B22E219D5804/data/Containers/Bundle/Application/A9E1FE44-AD33-4B9A-A171-03A6EBA418A9/Crownstone.app/www/login.html
2015-06-10 00:01:58.749 Crownstone[14383:301750] CDVPlugin class CDVDevice (pluginName: Device) does not exist.
2015-06-10 00:01:58.749 Crownstone[14383:301750] ERROR: Plugin 'Device' not found, or is not a CDVPlugin. Check your plugin mapping in config.xml.
2015-06-10 00:01:58.749 Crownstone[14383:301750] -[CDVCommandQueue executePending] [Line 159] FAILED pluginJSON = ["Device935967764","Device","getDeviceInfo",[]]
2015-06-10 00:02:48.994 Crownstone[14811:303527] DiskCookieStorage changing policy from 2 to 0, cookie file: file:///Users/rubendeman/Library/Developer/CoreSimulator/Devices/35148872-2E21-4E31-9725-B22E219D5804/data/Containers/Data/Application/E1EA7D44-E80C-42D4-90C8-9A15F1038607/Library/Cookies/Cookies.binarycookies
2015-06-10 00:02:49.128 Crownstone[14811:303527] Apache Cordova native platform version 3.8.0 is starting.
2015-06-10 00:02:49.128 Crownstone[14811:303527] Multi-tasking -> Device: YES, App: YES
2015-06-10 00:02:49.130 Crownstone[14811:303527] Unlimited access to network resources
2015-06-10 00:02:49.133 Crownstone[14811:303527] 

Started backup to iCloud! Please be careful.
Your application might be rejected by Apple if you store too much data.
For more information please read "iOS Data Storage Guidelines" at:
https://developer.apple.com/icloud/documentation/data-storage/
To disable web storage backup to iCloud, set the BackupWebStorage preference to "local" in the Cordova config.xml file

2015-06-10 00:02:49.353 Crownstone[14811:303527] Resetting plugins due to page load.
2015-06-10 00:02:49.402 Crownstone[14811:303527] Finished load of: file:///Users/rubendeman/Library/Developer/CoreSimulator/Devices/35148872-2E21-4E31-9725-B22E219D5804/data/Containers/Bundle/Application/05FEE27C-62BA-4C49-A860-BD5485854BA4/Crownstone.app/www/index.html
2015-06-10 00:02:49.472 Crownstone[14811:303527] CDVPlugin class CDVDevice (pluginName: Device) does not exist.
2015-06-10 00:02:49.472 Crownstone[14811:303527] ERROR: Plugin 'Device' not found, or is not a CDVPlugin. Check your plugin mapping in config.xml.
2015-06-10 00:02:49.473 Crownstone[14811:303527] -[CDVCommandQueue executePending] [Line 159] FAILED pluginJSON = ["Device189542250","Device","getDeviceInfo",[]]
2015-06-10 00:02:50.783 Crownstone[14811:303527] Resetting plugins due to page load.
2015-06-10 00:02:50.819 Crownstone[14811:303527] Finished load of: file:///Users/rubendeman/Library/Developer/CoreSimulator/Devices/35148872-2E21-4E31-9725-B22E219D5804/data/Containers/Bundle/Application/05FEE27C-62BA-4C49-A860-BD5485854BA4/Crownstone.app/www/login.html
2015-06-10 00:02:50.834 Crownstone[14811:303527] CDVPlugin class CDVDevice (pluginName: Device) does not exist.
2015-06-10 00:02:50.835 Crownstone[14811:303527] ERROR: Plugin 'Device' not found, or is not a CDVPlugin. Check your plugin mapping in config.xml.
2015-06-10 00:02:50.835 Crownstone[14811:303527] -[CDVCommandQueue executePending] [Line 159] FAILED pluginJSON = ["Device1108862087","Device","getDeviceInfo",[]]
2015-06-10 00:03:21.530 Crownstone[14811:303550] Communications error: <OS_xpc_error: <error: 0x2dfb5f4> { count = 1, contents =
	"XPCErrorDescription" => <string: 0x2dfb83c> { length = 22, contents = "Connection interrupted" }
}>
2015-06-10 00:03:28.581 Crownstone[15153:304658] DiskCookieStorage changing policy from 2 to 0, cookie file: file:///Users/rubendeman/Library/Developer/CoreSimulator/Devices/35148872-2E21-4E31-9725-B22E219D5804/data/Containers/Data/Application/0350ED74-2F85-4D9D-AA8E-D34042F71488/Library/Cookies/Cookies.binarycookies
2015-06-10 00:03:28.705 Crownstone[15153:304658] Apache Cordova native platform version 3.8.0 is starting.
2015-06-10 00:03:28.705 Crownstone[15153:304658] Multi-tasking -> Device: YES, App: YES
2015-06-10 00:03:28.707 Crownstone[15153:304658] Unlimited access to network resources
2015-06-10 00:03:28.710 Crownstone[15153:304658] 

Started backup to iCloud! Please be careful.
Your application might be rejected by Apple if you store too much data.
For more information please read "iOS Data Storage Guidelines" at:
https://developer.apple.com/icloud/documentation/data-storage/
To disable web storage backup to iCloud, set the BackupWebStorage preference to "local" in the Cordova config.xml file

2015-06-10 00:03:28.874 Crownstone[15153:304658] Resetting plugins due to page load.
2015-06-10 00:03:28.921 Crownstone[15153:304658] Finished load of: file:///Users/rubendeman/Library/Developer/CoreSimulator/Devices/35148872-2E21-4E31-9725-B22E219D5804/data/Containers/Bundle/Application/51B073E8-2ADE-42B1-B574-E9898A1EEF41/Crownstone.app/www/index.html
2015-06-10 00:03:28.980 Crownstone[15153:304658] CDVPlugin class CDVDevice (pluginName: Device) does not exist.
2015-06-10 00:03:28.980 Crownstone[15153:304658] ERROR: Plugin 'Device' not found, or is not a CDVPlugin. Check your plugin mapping in config.xml.
2015-06-10 00:03:28.980 Crownstone[15153:304658] -[CDVCommandQueue executePending] [Line 159] FAILED pluginJSON = ["Device49185354","Device","getDeviceInfo",[]]
2015-06-10 00:03:31.671 Crownstone[15153:304658] Resetting plugins due to page load.
2015-06-10 00:03:31.711 Crownstone[15153:304658] Finished load of: file:///Users/rubendeman/Library/Developer/CoreSimulator/Devices/35148872-2E21-4E31-9725-B22E219D5804/data/Containers/Bundle/Application/51B073E8-2ADE-42B1-B574-E9898A1EEF41/Crownstone.app/www/login.html
2015-06-10 00:03:31.724 Crownstone[15153:304658] CDVPlugin class CDVDevice (pluginName: Device) does not exist.
2015-06-10 00:03:31.724 Crownstone[15153:304658] ERROR: Plugin 'Device' not found, or is not a CDVPlugin. Check your plugin mapping in config.xml.
2015-06-10 00:03:31.724 Crownstone[15153:304658] -[CDVCommandQueue executePending] [Line 159] FAILED pluginJSON = ["Device757943743","Device","getDeviceInfo",[]]
2015-06-10 00:03:42.682 Crownstone[15153:304658] Resetting plugins due to page load.
2015-06-10 00:03:42.763 Crownstone[15153:304658] Finished load of: file:///Users/rubendeman/Library/Developer/CoreSimulator/Devices/35148872-2E21-4E31-9725-B22E219D5804/data/Containers/Bundle/Application/51B073E8-2ADE-42B1-B574-E9898A1EEF41/Crownstone.app/www/register.html
2015-06-10 00:03:47.625 Crownstone[15153:304665] Communications error: <OS_xpc_error: <error: 0x2d235f4> { count = 1, contents =
	"XPCErrorDescription" => <string: 0x2d2383c> { length = 22, contents = "Connection interrupted" }
}>
2015-06-10 00:04:10.034 Crownstone[15508:305887] DiskCookieStorage changing policy from 2 to 0, cookie file: file:///Users/rubendeman/Library/Developer/CoreSimulator/Devices/35148872-2E21-4E31-9725-B22E219D5804/data/Containers/Data/Application/9DBB72B8-02F9-44C4-A21F-656930D268E2/Library/Cookies/Cookies.binarycookies
2015-06-10 00:04:10.104 Crownstone[15508:305887] Apache Cordova native platform version 3.8.0 is starting.
2015-06-10 00:04:10.104 Crownstone[15508:305887] Multi-tasking -> Device: YES, App: YES
2015-06-10 00:04:10.107 Crownstone[15508:305887] Unlimited access to network resources
2015-06-10 00:04:10.110 Crownstone[15508:305887] 

Started backup to iCloud! Please be careful.
Your application might be rejected by Apple if you store too much data.
For more information please read "iOS Data Storage Guidelines" at:
https://developer.apple.com/icloud/documentation/data-storage/
To disable web storage backup to iCloud, set the BackupWebStorage preference to "local" in the Cordova config.xml file

2015-06-10 00:04:10.265 Crownstone[15508:305887] Resetting plugins due to page load.
2015-06-10 00:04:10.308 Crownstone[15508:305887] Finished load of: file:///Users/rubendeman/Library/Developer/CoreSimulator/Devices/35148872-2E21-4E31-9725-B22E219D5804/data/Containers/Bundle/Application/AE1A3268-9AED-4F46-A651-80923D2FCA56/Crownstone.app/www/index.html
2015-06-10 00:04:10.367 Crownstone[15508:305887] CDVPlugin class CDVDevice (pluginName: Device) does not exist.
2015-06-10 00:04:10.368 Crownstone[15508:305887] ERROR: Plugin 'Device' not found, or is not a CDVPlugin. Check your plugin mapping in config.xml.
2015-06-10 00:04:10.368 Crownstone[15508:305887] -[CDVCommandQueue executePending] [Line 159] FAILED pluginJSON = ["Device1129949482","Device","getDeviceInfo",[]]
2015-06-10 00:04:11.893 Crownstone[15508:305887] Resetting plugins due to page load.
2015-06-10 00:04:11.934 Crownstone[15508:305887] Finished load of: file:///Users/rubendeman/Library/Developer/CoreSimulator/Devices/35148872-2E21-4E31-9725-B22E219D5804/data/Containers/Bundle/Application/AE1A3268-9AED-4F46-A651-80923D2FCA56/Crownstone.app/www/login.html
2015-06-10 00:04:11.944 Crownstone[15508:305887] CDVPlugin class CDVDevice (pluginName: Device) does not exist.
2015-06-10 00:04:11.944 Crownstone[15508:305887] ERROR: Plugin 'Device' not found, or is not a CDVPlugin. Check your plugin mapping in config.xml.
2015-06-10 00:04:11.944 Crownstone[15508:305887] -[CDVCommandQueue executePending] [Line 159] FAILED pluginJSON = ["Device1678425019","Device","getDeviceInfo",[]]
2015-06-10 00:07:07.489 Crownstone[15508:306896] Communications error: <OS_xpc_error: <error: 0x2d465f4> { count = 1, contents =
	"XPCErrorDescription" => <string: 0x2d4683c> { length = 22, contents = "Connection interrupted" }
}>
2015-06-10 11:02:35.052 Crownstone[19312:371606] DiskCookieStorage changing policy from 2 to 0, cookie file: file:///Users/rubendeman/Library/Developer/CoreSimulator/Devices/35148872-2E21-4E31-9725-B22E219D5804/data/Containers/Data/Application/B14AFE7B-76A1-4040-A37C-DAB5A5AAFD25/Library/Cookies/Cookies.binarycookies
2015-06-10 11:02:35.580 Crownstone[19312:371606] Apache Cordova native platform version 3.8.0 is starting.
2015-06-10 11:02:35.582 Crownstone[19312:371606] Multi-tasking -> Device: YES, App: YES
2015-06-10 11:02:35.601 Crownstone[19312:371606] Unlimited access to network resources
2015-06-10 11:02:35.615 Crownstone[19312:371606] 

Started backup to iCloud! Please be careful.
Your application might be rejected by Apple if you store too much data.
For more information please read "iOS Data Storage Guidelines" at:
https://developer.apple.com/icloud/documentation/data-storage/
To disable web storage backup to iCloud, set the BackupWebStorage preference to "local" in the Cordova config.xml file

2015-06-10 11:02:36.633 Crownstone[19312:371606] Resetting plugins due to page load.
2015-06-10 11:02:36.928 Crownstone[19312:371606] Finished load of: file:///Users/rubendeman/Library/Developer/CoreSimulator/Devices/35148872-2E21-4E31-9725-B22E219D5804/data/Containers/Bundle/Application/119B2C52-C560-439B-A596-53CC185D7050/Crownstone.app/www/index.html
2015-06-10 11:02:37.138 Crownstone[19312:371606] CDVPlugin class CDVDevice (pluginName: Device) does not exist.
2015-06-10 11:02:37.139 Crownstone[19312:371606] ERROR: Plugin 'Device' not found, or is not a CDVPlugin. Check your plugin mapping in config.xml.
2015-06-10 11:02:37.139 Crownstone[19312:371606] -[CDVCommandQueue executePending] [Line 159] FAILED pluginJSON = ["Device25303080","Device","getDeviceInfo",[]]
2015-06-10 11:02:38.392 Crownstone[19312:371606] Resetting plugins due to page load.
2015-06-10 11:02:38.529 Crownstone[19312:371606] Finished load of: file:///Users/rubendeman/Library/Developer/CoreSimulator/Devices/35148872-2E21-4E31-9725-B22E219D5804/data/Containers/Bundle/Application/119B2C52-C560-439B-A596-53CC185D7050/Crownstone.app/www/login.html
2015-06-10 11:02:38.548 Crownstone[19312:371606] CDVPlugin class CDVDevice (pluginName: Device) does not exist.
2015-06-10 11:02:38.548 Crownstone[19312:371606] ERROR: Plugin 'Device' not found, or is not a CDVPlugin. Check your plugin mapping in config.xml.
2015-06-10 11:02:38.548 Crownstone[19312:371606] -[CDVCommandQueue executePending] [Line 159] FAILED pluginJSON = ["Device1240619199","Device","getDeviceInfo",[]]
2015-06-10 11:02:39.911 Crownstone[19312:371606] Resetting plugins due to page load.
2015-06-10 11:02:39.966 Crownstone[19312:371606] Finished load of: file:///Users/rubendeman/Library/Developer/CoreSimulator/Devices/35148872-2E21-4E31-9725-B22E219D5804/data/Containers/Bundle/Application/119B2C52-C560-439B-A596-53CC185D7050/Crownstone.app/www/login.html
2015-06-10 11:02:39.991 Crownstone[19312:371606] CDVPlugin class CDVDevice (pluginName: Device) does not exist.
2015-06-10 11:02:39.991 Crownstone[19312:371606] ERROR: Plugin 'Device' not found, or is not a CDVPlugin. Check your plugin mapping in config.xml.
2015-06-10 11:02:39.991 Crownstone[19312:371606] -[CDVCommandQueue executePending] [Line 159] FAILED pluginJSON = ["Device1881874942","Device","getDeviceInfo",[]]
2015-06-10 11:02:40.869 Crownstone[19312:371606] Resetting plugins due to page load.
2015-06-10 11:02:40.888 Crownstone[19312:371606] Finished load of: file:///Users/rubendeman/Library/Developer/CoreSimulator/Devices/35148872-2E21-4E31-9725-B22E219D5804/data/Containers/Bundle/Application/119B2C52-C560-439B-A596-53CC185D7050/Crownstone.app/www/login.html
2015-06-10 11:02:40.897 Crownstone[19312:371606] CDVPlugin class CDVDevice (pluginName: Device) does not exist.
2015-06-10 11:02:40.897 Crownstone[19312:371606] ERROR: Plugin 'Device' not found, or is not a CDVPlugin. Check your plugin mapping in config.xml.
2015-06-10 11:02:40.897 Crownstone[19312:371606] -[CDVCommandQueue executePending] [Line 159] FAILED pluginJSON = ["Device374110262","Device","getDeviceInfo",[]]
2015-06-10 11:02:59.248 Crownstone[19637:372298] DiskCookieStorage changing policy from 2 to 0, cookie file: file:///Users/rubendeman/Library/Developer/CoreSimulator/Devices/35148872-2E21-4E31-9725-B22E219D5804/data/Containers/Data/Application/32B9E05A-D0BE-457E-A793-94252694AA8A/Library/Cookies/Cookies.binarycookies
2015-06-10 11:02:59.331 Crownstone[19637:372298] Apache Cordova native platform version 3.8.0 is starting.
2015-06-10 11:02:59.332 Crownstone[19637:372298] Multi-tasking -> Device: YES, App: YES
2015-06-10 11:02:59.334 Crownstone[19637:372298] Unlimited access to network resources
2015-06-10 11:02:59.337 Crownstone[19637:372298] 

Started backup to iCloud! Please be careful.
Your application might be rejected by Apple if you store too much data.
For more information please read "iOS Data Storage Guidelines" at:
https://developer.apple.com/icloud/documentation/data-storage/
To disable web storage backup to iCloud, set the BackupWebStorage preference to "local" in the Cordova config.xml file

2015-06-10 11:02:59.509 Crownstone[19637:372298] Resetting plugins due to page load.
2015-06-10 11:02:59.557 Crownstone[19637:372298] Finished load of: file:///Users/rubendeman/Library/Developer/CoreSimulator/Devices/35148872-2E21-4E31-9725-B22E219D5804/data/Containers/Bundle/Application/0C8C5464-41FB-4F59-9B52-7422046095DB/Crownstone.app/www/index.html
2015-06-10 11:02:59.622 Crownstone[19637:372298] CDVPlugin class CDVDevice (pluginName: Device) does not exist.
2015-06-10 11:02:59.622 Crownstone[19637:372298] ERROR: Plugin 'Device' not found, or is not a CDVPlugin. Check your plugin mapping in config.xml.
2015-06-10 11:02:59.622 Crownstone[19637:372298] -[CDVCommandQueue executePending] [Line 159] FAILED pluginJSON = ["Device1537570645","Device","getDeviceInfo",[]]
2015-06-10 11:03:07.305 Crownstone[19637:372298] Resetting plugins due to page load.
2015-06-10 11:03:07.340 Crownstone[19637:372298] Finished load of: file:///Users/rubendeman/Library/Developer/CoreSimulator/Devices/35148872-2E21-4E31-9725-B22E219D5804/data/Containers/Bundle/Application/0C8C5464-41FB-4F59-9B52-7422046095DB/Crownstone.app/www/login.html
2015-06-10 11:03:07.354 Crownstone[19637:372298] CDVPlugin class CDVDevice (pluginName: Device) does not exist.
2015-06-10 11:03:07.354 Crownstone[19637:372298] ERROR: Plugin 'Device' not found, or is not a CDVPlugin. Check your plugin mapping in config.xml.
2015-06-10 11:03:07.354 Crownstone[19637:372298] -[CDVCommandQueue executePending] [Line 159] FAILED pluginJSON = ["Device1772211459","Device","getDeviceInfo",[]]
2015-06-10 11:03:08.772 Crownstone[19637:372298] Resetting plugins due to page load.
2015-06-10 11:03:08.799 Crownstone[19637:372298] Finished load of: file:///Users/rubendeman/Library/Developer/CoreSimulator/Devices/35148872-2E21-4E31-9725-B22E219D5804/data/Containers/Bundle/Application/0C8C5464-41FB-4F59-9B52-7422046095DB/Crownstone.app/www/lostPassword.html
2015-06-10 18:10:26.518 Crownstone[19637:396087] Communications error: <OS_xpc_error: <error: 0x2d835f4> { count = 1, contents =
	"XPCErrorDescription" => <string: 0x2d8383c> { length = 22, contents = "Connection interrupted" }
}>
2015-06-17 11:28:37.528 Crownstone[4575:99240] DiskCookieStorage changing policy from 2 to 0, cookie file: file:///Users/rubendeman/Library/Developer/CoreSimulator/Devices/35148872-2E21-4E31-9725-B22E219D5804/data/Containers/Data/Application/AF1EA189-9330-44C9-9851-810B7EDDF421/Library/Cookies/Cookies.binarycookies
2015-06-17 11:28:37.830 Crownstone[4575:99240] Apache Cordova native platform version 3.8.0 is starting.
2015-06-17 11:28:37.831 Crownstone[4575:99240] Multi-tasking -> Device: YES, App: YES
2015-06-17 11:28:37.850 Crownstone[4575:99240] Unlimited access to network resources
2015-06-17 11:28:37.860 Crownstone[4575:99240] 

Started backup to iCloud! Please be careful.
Your application might be rejected by Apple if you store too much data.
For more information please read "iOS Data Storage Guidelines" at:
https://developer.apple.com/icloud/documentation/data-storage/
To disable web storage backup to iCloud, set the BackupWebStorage preference to "local" in the Cordova config.xml file

2015-06-17 11:28:38.506 Crownstone[4575:99240] Resetting plugins due to page load.
2015-06-17 11:28:38.643 Crownstone[4575:99240] Finished load of: file:///Users/rubendeman/Library/Developer/CoreSimulator/Devices/35148872-2E21-4E31-9725-B22E219D5804/data/Containers/Bundle/Application/9AB10CEE-CE97-4D61-80FD-1862BF3DE55A/Crownstone.app/www/index.html
2015-06-17 11:28:38.744 Crownstone[4575:99240] CDVPlugin class CDVDevice (pluginName: Device) does not exist.
2015-06-17 11:28:38.744 Crownstone[4575:99240] ERROR: Plugin 'Device' not found, or is not a CDVPlugin. Check your plugin mapping in config.xml.
2015-06-17 11:28:38.745 Crownstone[4575:99240] -[CDVCommandQueue executePending] [Line 159] FAILED pluginJSON = ["Device546169553","Device","getDeviceInfo",[]]
2015-06-17 11:28:48.112 Crownstone[4575:99240] Resetting plugins due to page load.
2015-06-17 11:28:48.180 Crownstone[4575:99240] Finished load of: file:///Users/rubendeman/Library/Developer/CoreSimulator/Devices/35148872-2E21-4E31-9725-B22E219D5804/data/Containers/Bundle/Application/9AB10CEE-CE97-4D61-80FD-1862BF3DE55A/Crownstone.app/www/login.html
2015-06-17 11:28:48.205 Crownstone[4575:99240] CDVPlugin class CDVDevice (pluginName: Device) does not exist.
2015-06-17 11:28:48.205 Crownstone[4575:99240] ERROR: Plugin 'Device' not found, or is not a CDVPlugin. Check your plugin mapping in config.xml.
2015-06-17 11:28:48.205 Crownstone[4575:99240] -[CDVCommandQueue executePending] [Line 159] FAILED pluginJSON = ["Device849827975","Device","getDeviceInfo",[]]
2015-06-17 11:29:08.072 Crownstone[4575:99240] Resetting plugins due to page load.
2015-06-17 11:29:08.098 Crownstone[4575:99240] Finished load of: file:///Users/rubendeman/Library/Developer/CoreSimulator/Devices/35148872-2E21-4E31-9725-B22E219D5804/data/Containers/Bundle/Application/9AB10CEE-CE97-4D61-80FD-1862BF3DE55A/Crownstone.app/www/lostPassword.html
2015-06-17 11:29:20.714 Crownstone[4575:99240] Resetting plugins due to page load.
2015-06-17 11:29:20.736 Crownstone[4575:99240] Finished load of: file:///Users/rubendeman/Library/Developer/CoreSimulator/Devices/35148872-2E21-4E31-9725-B22E219D5804/data/Containers/Bundle/Application/9AB10CEE-CE97-4D61-80FD-1862BF3DE55A/Crownstone.app/www/lostPassword2.html
